<?xml version="1.0" encoding="UTF-8"?>
<robot generator="Robot 7.4.1 (Python 3.14.5 on win32)" generated="2026-07-10T11:12:48.270823" rpa="false" schemaversion="5">
<suite id="s1" name="firstTest" source="D:\TI\QA\DEVELOPMENT\appium_robot_bdd\tests\firstTest.robot">
<test id="s1-t1" name="TC001 - Should open and close the application" line="7">
<kw name="Given the application is started" owner="firstTest">
<kw name="Start session" owner="openApp">
<kw name="Open Application" owner="AppiumLibrary">
<arg>http://localhost:4723</arg>
<arg>automationName=UiAutomator2</arg>
<arg>platformName=Android</arg>
<arg>deviceName=Emulator</arg>
<arg>udid=emulator-5554</arg>
<arg>app=${APP}</arg>
<arg>autoGrantPermissions=true</arg>
<doc>Opens a new application to the given Appium server.
Capabilities of appium server, Android and iOS,
Please check https://appium.io/docs/en/2.19/guides/caps/
| *Option*            | *Man.* | *Description*     |
| remote_url          | Yes    | Appium server url |
| alias               | No     | alias             |</doc>
<status status="PASS" start="2026-07-10T11:12:48.478882" elapsed="4.564053"/>
</kw>
<status status="PASS" start="2026-07-10T11:12:48.478629" elapsed="4.564397"/>
</kw>
<status status="PASS" start="2026-07-10T11:12:48.478434" elapsed="4.564622"/>
</kw>
<kw name="When the title should be visible" owner="firstTest">
<kw name="Wait For Home Element" owner="firstTest">
<kw name="Wait Until Element Is Visible" owner="AppiumLibrary">
<msg time="2026-07-10T11:12:57.186118" level="INFO">criteria is com.food.diary:id/toolbar</msg>
<arg>${homepage.homeElement}</arg>
<doc>Waits until the element specified by the ``locator`` is visible.</doc>
<status status="PASS" start="2026-07-10T11:12:53.043564" elapsed="4.142630"/>
</kw>
<status status="PASS" start="2026-07-10T11:12:53.043455" elapsed="4.142787"/>
</kw>
<status status="PASS" start="2026-07-10T11:12:53.043296" elapsed="4.142967"/>
</kw>
<kw name="Then the application should be closed" owner="firstTest">
<kw name="Close session" owner="firstTest">
<kw name="Close Application" owner="AppiumLibrary">
<doc>Closes the current application and the webdriver session.</doc>
<status status="PASS" start="2026-07-10T11:12:57.186757" elapsed="2.326151"/>
</kw>
<status status="PASS" start="2026-07-10T11:12:57.186665" elapsed="2.326306"/>
</kw>
<status status="PASS" start="2026-07-10T11:12:57.186511" elapsed="2.326481"/>
</kw>
<status status="PASS" start="2026-07-10T11:12:48.478018" elapsed="11.035146"/>
</test>
<status status="PASS" start="2026-07-10T11:12:48.271747" elapsed="11.241786"/>
</suite>
<statistics>
<total>
<stat pass="1" fail="0" skip="0">All Tests</stat>
</total>
<tag>
</tag>
<suite>
<stat name="firstTest" id="s1" pass="1" fail="0" skip="0">firstTest</stat>
</suite>
</statistics>
<errors>
</errors>
</robot>
